 *******************************************************************
 *  name    *  service * busy pct *  cust nb * response *  thruput *
 *******************************************************************
 *          *          *          *          *          *          *
 * Users    * 4.280    * 0.000    * 41.49    * 4.280    * 9.693    *
 *(Class1  )* 2.000    * 0.000    * 4.649    * 2.000    * 2.325    *
 *(Class2  )* 5.000    * 0.000    * 36.84    * 5.000    * 7.368    *
 *          *          *          *          *          *          *
 * DB       *0.1760E-02*0.2047    *0.2567    *0.2207E-02* 116.3    *
 *(Class1  )*0.1000E-02*0.2790E-01*0.3514E-01*0.1260E-02* 27.90    *
 *(Class2  )*0.2000E-02*0.1768    *0.2215    *0.2506E-02* 88.42    *
 *          *          *          *          *          *          *
 * Disk1    *0.5000E-02*0.1454    *0.1699    *0.5845E-02* 29.08    *
 *(Class1  )*0.5000E-02*0.3487E-01*0.4085E-01*0.5857E-02* 6.974    *
 *(Class2  )*0.5000E-02*0.1105    *0.1291    *0.5841E-02* 22.10    *
 *          *          *          *          *          *          *
 * Disk2    *0.4000E-02*0.1551    *0.1833    *0.4729E-02* 38.77    *
 *(Class1  )*0.4000E-02*0.3719E-01*0.4407E-01*0.4740E-02* 9.299    *
 *(Class2  )*0.4000E-02*0.1179    *0.1393    *0.4725E-02* 29.47    *
 *          *          *          *          *          *          *
 * Disk3    *0.4000E-02*0.2326    *0.3025    *0.5202E-02* 58.16    *
 *(Class1  )*0.4000E-02*0.5579E-01*0.7283E-01*0.5221E-02* 13.95    *
 *(Class2  )*0.4000E-02*0.1768    *0.2297    *0.5196E-02* 44.21    *
 *          *          *          *          *          *          *
 * WS       *0.1720E-01* 1.000    * 27.60    *0.4746    * 58.16    *
 *(Class1  )*0.4000E-01*0.5579    * 15.16    * 1.087    * 13.95    *
 *(Class2  )*0.1000E-01*0.4421    * 12.44    *0.2814    * 44.21    *
 *          *          *          *          *          *          *
 *******************************************************************
