 input parameters
  
 number of terminals       :         5.
 mean service time at cpu        :   0.2000    
 mean service time at terminal   :    30.00    
 mean service time at disk   1   :   0.8000E-01
 mean service time at disk   2   :   0.1000    
 - mean value analysis ("mva") -
 *******************************************************************
 *  name    *  service * busy pct *  cust nb * response *  thruput *
 *******************************************************************
 *          *          *          *          *          *          *
 * cpu      *0.2000    *0.2988    *0.3852    *0.2579    * 1.494    *
 *          *          *          *          *          *          *
 * terminal * 30.00    * 0.000    * 4.481    * 30.00    *0.1494    *
 *          *          *          *          *          *          *
 * disk   1 *0.8000E-01*0.3585E-01*0.3691E-01*0.8236E-01*0.4481    *
 *          *          *          *          *          *          *
 * disk   2 *0.1000    *0.8963E-01*0.9645E-01*0.1076    *0.8963    *
 *          *          *          *          *          *          *
 *******************************************************************
